<?xml version="1.0" encoding="UTF-8"?>
<robot generator="Robot 6.1 (Python 3.10.6 on linux)" generated="20230704 09:46:19.550" rpa="false" schemaversion="4">
<suite id="s1" name="Main" source="/home/fadli2001/ci-cd/handson-robot/robot-framework-simple-jenkins/main.robot">
<test id="s1-t1" name="As a User I Want to Open Web Sauce Demo" line="14">
<kw name="Open Browser" library="SeleniumLibrary">
<arg>${URL}</arg>
<arg>${BROWSER}</arg>
<doc>Opens a new browser instance to the optional ``url``.</doc>
<msg timestamp="20230704 09:46:19.766" level="INFO">Opening browser 'chrome' to base url 'https://www.saucedemo.com/'.</msg>
<msg timestamp="20230704 09:46:19.877" level="INFO">Applicable driver not found; attempting to install with Selenium Manager (Beta)</msg>
<status status="PASS" starttime="20230704 09:46:19.765" endtime="20230704 09:46:22.237"/>
</kw>
<kw name="Input Text" library="SeleniumLibrary">
<arg>${USERNAME_FIELD}</arg>
<arg>${USERNAME}</arg>
<doc>Types the given ``text`` into the text field identified by ``locator``.</doc>
<msg timestamp="20230704 09:46:22.239" level="INFO">Typing text 'standard_user' into text field '//*[@id="user-name"]'.</msg>
<status status="PASS" starttime="20230704 09:46:22.238" endtime="20230704 09:46:22.497"/>
</kw>
<kw name="Input Password" library="SeleniumLibrary">
<arg>${PASSWORD_FIELD}</arg>
<arg>${PASSWORD}</arg>
<doc>Types the given password into the text field identified by ``locator``.</doc>
<msg timestamp="20230704 09:46:22.500" level="INFO">Typing password into text field '//*[@id="password"]'.</msg>
<msg timestamp="20230704 09:46:22.584" level="INFO">Temporally setting log level to: NONE</msg>
<msg timestamp="20230704 09:46:22.693" level="INFO">Log level changed from NONE to INFO.</msg>
<status status="PASS" starttime="20230704 09:46:22.498" endtime="20230704 09:46:22.693"/>
</kw>
<kw name="Click Button" library="SeleniumLibrary">
<arg>${LOGIN_BTN_FIELD}</arg>
<doc>Clicks the button identified by ``locator``.</doc>
<msg timestamp="20230704 09:46:22.694" level="INFO">Clicking button '//*[@id="login-button"]'.</msg>
<status status="PASS" starttime="20230704 09:46:22.694" endtime="20230704 09:46:22.911"/>
</kw>
<kw name="Sleep" library="BuiltIn">
<arg>1</arg>
<doc>Pauses the test executed for the given time.</doc>
<msg timestamp="20230704 09:46:23.912" level="INFO">Slept 1 second</msg>
<status status="PASS" starttime="20230704 09:46:22.911" endtime="20230704 09:46:23.912"/>
</kw>
<kw name="Close Browser" library="SeleniumLibrary">
<doc>Closes the current browser.</doc>
<status status="PASS" starttime="20230704 09:46:23.912" endtime="20230704 09:46:23.989"/>
</kw>
<status status="PASS" starttime="20230704 09:46:19.764" endtime="20230704 09:46:23.990"/>
</test>
<status status="PASS" starttime="20230704 09:46:19.552" endtime="20230704 09:46:23.991"/>
</suite>
<statistics>
<total>
<stat pass="1" fail="0" skip="0">All Tests</stat>
</total>
<tag>
</tag>
<suite>
<stat pass="1" fail="0" skip="0" id="s1" name="Main">Main</stat>
</suite>
</statistics>
<errors>
</errors>
</robot>
